0.0073027584
0.0055064576
0.0068554752
0.0072019968
0.0048570368
0.0065933312
0.0073451520
0.0060162048
0.0081448960
0.0079622144
0.9080461312
0.0064925696
0.0075192320
0.0070344704
0.0071192576
0.0082010112
0.0085145600
0.0073433088
0.0085862400
0.0064604160
0.0072054784
0.0085254144
0.0072833024
0.9067585536
0.0049733632
0.0076974080
0.0087388160
0.0086589440
0.0086781952
0.0067950592
0.0063111168
0.0060749824
0.0068999168
0.0069480448
0.0049086464
0.0076515328
0.0062287872
0.9081085952
0.0080429056
0.0075556864
0.0081920000
0.0078241792
0.0049211392
0.0073132032
0.0077154304
0.0084213760
0.0084158464
0.0083353600
0.0074532864
0.0076185600
0.9050073088
0.0048668672
0.0073461760
0.0083570688
0.0085622784
0.0082763776
0.0070027264
0.0074604544
0.0083761152
0.0047892480
0.0072574976
0.0072183808
0.0049195008
0.0079863808
0.9079869440
0.0073396224
0.0074242048
0.0071962624
0.0077807616
0.0074303488
0.0076001280
0.0051859456
0.0083388416
0.0083169280
0.0077363200
0.0081301504
0.0048439296
0.0082587648
0.9073180672
0.0073132032
0.0084770816
0.0084373504
0.0082903040
0.0084123648
0.0083603456
0.0084281344
0.0081068032
0.0081078272
0.0082833408
0.0084512768
0.9081040896
0.0082735104
0.0081250304
0.0081264640
0.0083798016
0.0082839552
0.0084615168
0.0081418240
0.0081760256
0.0082876416
