0.0025630720
0.9026355200
0.0026093568
0.0036421632
0.0025739264
0.0035385344
0.0025729024
0.0025018368
0.0025307136
0.0025104384
0.0025178112
0.0024899584
0.0025290752
0.0024797184
0.0025436160
0.0034807808
0.0024877056
0.0025051136
0.0024858624
0.0025079808
0.0025081856
0.0025024512
0.0025374720
0.0027576320
0.0028086272
0.0034473984
0.0031039488
0.0029091840
0.0030210048
0.0030078976
0.0043395072
0.0032364544
0.0030054400
0.0060504064
0.0032698368
0.9030645760
0.0034557952
0.0048842752
0.0055822336
0.0035876864
0.0034646016
0.0034527232
0.0035371008
0.0041281536
0.0036294656
0.0040196096
0.0035471360
0.0032931840
0.0037783552
0.0030838784
0.0047077376
0.0042608640
0.0045881344
0.0038889472
0.0035993600
0.0036169728
0.0045410304
0.0041263104
0.0031977472
0.0035776512
0.0037912576
0.9039968256
0.0038017024
0.0033261568
0.0027164672
0.0040675328
0.0038037504
0.0040304640
0.0071030784
0.0064729088
0.0048181248
0.0055975936
0.0036966400
0.0036456448
0.0046727168
0.0055166976
0.0039606272
0.0034570240
0.0032786432
0.0047962112
0.0044060672
0.0029968384
0.0028086272
0.0038690816
0.0039710720
0.9037236224
0.0038246400
0.0040835072
0.0035975168
0.0040224768
0.0025624576
0.0029814784
0.0026028032
0.0025853952
0.0030615552
0.0036319232
0.0025901056
0.0035885056
0.0026378240
0.0035923968
